d:\project\vısual studıo 2015\projects\turkıengıne\turkıengıne\x64\debug\vc140.pdb
d:\project\vısual studıo 2015\projects\turkıengıne\turkıengıne\x64\debug\vc140.ıdb
d:\project\vısual studıo 2015\projects\turkıengıne\turkıengıne\x64\debug\deneme.obj
d:\project\vısual studıo 2015\projects\turkıengıne\turkıengıne\x64\debug\game.obj
d:\project\vısual studıo 2015\projects\turkıengıne\turkıengıne\x64\debug\ımagemanager.obj
d:\project\vısual studıo 2015\projects\turkıengıne\turkıengıne\x64\debug\maın.obj
d:\project\vısual studıo 2015\projects\turkıengıne\turkıengıne\x64\debug\wındow.obj
d:\project\vısual studıo 2015\projects\turkıengıne\turkıengıne\x64\debug\turkıengıne1.res
d:\project\visual studio 2015\projects\turkiengine\turkiengine\x64\debug\deneme.obj
d:\project\visual studio 2015\projects\turkiengine\turkiengine\x64\debug\game.obj
d:\project\visual studio 2015\projects\turkiengine\turkiengine\x64\debug\ımage.obj
d:\project\visual studio 2015\projects\turkiengine\turkiengine\x64\debug\ımagemanager.obj
d:\project\visual studio 2015\projects\turkiengine\turkiengine\x64\debug\main.obj
d:\project\visual studio 2015\projects\turkiengine\turkiengine\x64\debug\window.obj
d:\project\visual studio 2015\projects\turkiengine\turkiengine\x64\debug\turkiengine1.res
d:\project\visual studio 2015\projects\turkiengine\turkiengine\x64\debug\vc140.idb
d:\project\visual studio 2015\projects\turkiengine\turkiengine\x64\debug\vc140.pdb
d:\project\visual studio 2015\projects\turkiengine\x64\debug\turkiengine.pdb
d:\project\visual studio 2015\projects\turkiengine\turkiengine\x64\debug\turkiengine.tlog\cl.command.1.tlog
d:\project\visual studio 2015\projects\turkiengine\turkiengine\x64\debug\turkiengine.tlog\cl.read.1.tlog
d:\project\visual studio 2015\projects\turkiengine\turkiengine\x64\debug\turkiengine.tlog\cl.write.1.tlog
d:\project\visual studio 2015\projects\turkiengine\turkiengine\x64\debug\turkiengine.tlog\link.command.1.tlog
d:\project\visual studio 2015\projects\turkiengine\turkiengine\x64\debug\turkiengine.tlog\link.read.1.tlog
d:\project\visual studio 2015\projects\turkiengine\turkiengine\x64\debug\turkiengine.tlog\link.write.1.tlog
d:\project\visual studio 2015\projects\turkiengine\turkiengine\x64\debug\turkiengine.tlog\rc.command.1.tlog
d:\project\visual studio 2015\projects\turkiengine\turkiengine\x64\debug\turkiengine.tlog\rc.read.1.tlog
d:\project\visual studio 2015\projects\turkiengine\turkiengine\x64\debug\turkiengine.tlog\rc.write.1.tlog
